0 info it worked if it ends with ok
1 verbose cli [ '/usr/bin/node', '/usr/bin/npm', 'bugs', 'nairashaLegal' ]
2 info using npm@3.5.2
3 info using node@v8.10.0
4 silly fetchPackageMetaData nairashaLegal
5 silly fetchNamedPackageData nairashaLegal
6 silly mapToRegistry name nairashaLegal
7 silly mapToRegistry using default registry
8 silly mapToRegistry registry https://registry.npmjs.org/
9 silly mapToRegistry uri https://registry.npmjs.org/nairashaLegal
10 verbose request uri https://registry.npmjs.org/nairashaLegal
11 verbose request no auth needed
12 info attempt registry request try #1 at 12:27:52 AM
13 verbose request id e6d83485a0361f29
14 http request GET https://registry.npmjs.org/nairashaLegal
15 info retry will retry, error on last attempt: Error: getaddrinfo ENOTFOUND registry.npmjs.org registry.npmjs.org:443
16 info attempt registry request try #2 at 12:28:03 AM
17 http request GET https://registry.npmjs.org/nairashaLegal
18 info retry will retry, error on last attempt: Error: getaddrinfo ENOTFOUND registry.npmjs.org registry.npmjs.org:443
19 info attempt registry request try #3 at 12:29:03 AM
20 http request GET https://registry.npmjs.org/nairashaLegal
21 silly fetchPackageMetaData Error: getaddrinfo ENOTFOUND registry.npmjs.org registry.npmjs.org:443
21 silly fetchPackageMetaData     at errnoException (dns.js:50:10)
21 silly fetchPackageMetaData     at GetAddrInfoReqWrap.onlookup [as oncomplete] (dns.js:92:26)
21 silly fetchPackageMetaData  error for nairashaLegal { Error: getaddrinfo ENOTFOUND registry.npmjs.org registry.npmjs.org:443
21 silly fetchPackageMetaData     at errnoException (dns.js:50:10)
21 silly fetchPackageMetaData     at GetAddrInfoReqWrap.onlookup [as oncomplete] (dns.js:92:26)
21 silly fetchPackageMetaData   code: 'ENOTFOUND',
21 silly fetchPackageMetaData   errno: 'ENOTFOUND',
21 silly fetchPackageMetaData   syscall: 'getaddrinfo',
21 silly fetchPackageMetaData   hostname: 'registry.npmjs.org',
21 silly fetchPackageMetaData   host: 'registry.npmjs.org',
21 silly fetchPackageMetaData   port: 443 }
22 verbose stack Error: getaddrinfo ENOTFOUND registry.npmjs.org registry.npmjs.org:443
22 verbose stack     at errnoException (dns.js:50:10)
22 verbose stack     at GetAddrInfoReqWrap.onlookup [as oncomplete] (dns.js:92:26)
23 verbose cwd /home/morema/Projects/nairashaLegal
24 error Linux 4.15.0-43-generic
25 error argv "/usr/bin/node" "/usr/bin/npm" "bugs" "nairashaLegal"
26 error node v8.10.0
27 error npm  v3.5.2
28 error code ENOTFOUND
29 error errno ENOTFOUND
30 error syscall getaddrinfo
31 error network getaddrinfo ENOTFOUND registry.npmjs.org registry.npmjs.org:443
32 error network This is most likely not a problem with npm itself
32 error network and is related to network connectivity.
32 error network In most cases you are behind a proxy or have bad network settings.
32 error network
32 error network If you are behind a proxy, please make sure that the
32 error network 'proxy' config is set properly.  See: 'npm help config'
33 verbose exit [ 1, true ]
